<?xml version="1.0" encoding="UTF-8"?>
<testsuite xmlns:xsi="http://www.w3.org/2001/XMLSchema-instance" xsi:noNamespaceSchemaLocation="https://maven.apache.org/surefire/maven-surefire-plugin/xsd/surefire-test-report-3.0.xsd" version="3.0" name="TestSuite" time="3.086" tests="4" errors="0" skipped="0" failures="4">
  <properties>
    <property name="sun.desktop" value="gnome"/>
    <property name="awt.toolkit" value="sun.awt.X11.XToolkit"/>
    <property name="file.encoding.pkg" value="sun.io"/>
    <property name="java.specification.version" value="1.8"/>
    <property name="sun.cpu.isalist" value=""/>
    <property name="sun.jnu.encoding" value="UTF-8"/>
    <property name="java.class.path" value="/home/suraj/IdeaProjects/cipherApiAutomation/target/test-classes:/home/suraj/IdeaProjects/cipherApiAutomation/target/classes:/home/suraj/.m2/repository/io/rest-assured/rest-assured/4.4.0/rest-assured-4.4.0.jar:/home/suraj/.m2/repository/org/codehaus/groovy/groovy/3.0.8/groovy-3.0.8.jar:/home/suraj/.m2/repository/org/codehaus/groovy/groovy-xml/3.0.8/groovy-xml-3.0.8.jar:/home/suraj/.m2/repository/org/apache/httpcomponents/httpclient/4.5.13/httpclient-4.5.13.jar:/home/suraj/.m2/repository/org/apache/httpcomponents/httpcore/4.4.13/httpcore-4.4.13.jar:/home/suraj/.m2/repository/commons-logging/commons-logging/1.2/commons-logging-1.2.jar:/home/suraj/.m2/repository/org/apache/httpcomponents/httpmime/4.5.13/httpmime-4.5.13.jar:/home/suraj/.m2/repository/org/hamcrest/hamcrest/2.1/hamcrest-2.1.jar:/home/suraj/.m2/repository/org/ccil/cowan/tagsoup/tagsoup/1.2.1/tagsoup-1.2.1.jar:/home/suraj/.m2/repository/io/rest-assured/json-schema-validator/4.4.0/json-schema-validator-4.4.0.jar:/home/suraj/.m2/repository/com/github/java-json-tools/json-schema-validator/2.2.14/json-schema-validator-2.2.14.jar:/home/suraj/.m2/repository/com/google/guava/guava/28.2-android/guava-28.2-android.jar:/home/suraj/.m2/repository/com/google/guava/failureaccess/1.0.1/failureaccess-1.0.1.jar:/home/suraj/.m2/repository/com/google/guava/listenablefuture/9999.0-empty-to-avoid-conflict-with-guava/listenablefuture-9999.0-empty-to-avoid-conflict-with-guava.jar:/home/suraj/.m2/repository/org/checkerframework/checker-compat-qual/2.5.5/checker-compat-qual-2.5.5.jar:/home/suraj/.m2/repository/com/google/errorprone/error_prone_annotations/2.3.4/error_prone_annotations-2.3.4.jar:/home/suraj/.m2/repository/com/google/j2objc/j2objc-annotations/1.3/j2objc-annotations-1.3.jar:/home/suraj/.m2/repository/com/github/java-json-tools/jackson-coreutils-equivalence/1.0/jackson-coreutils-equivalence-1.0.jar:/home/suraj/.m2/repository/com/fasterxml/jackson/core/jackson-databind/2.11.0/jackson-databind-2.11.0.jar:/home/suraj/.m2/repository/com/fasterxml/jackson/core/jackson-annotations/2.11.0/jackson-annotations-2.11.0.jar:/home/suraj/.m2/repository/com/fasterxml/jackson/core/jackson-core/2.11.0/jackson-core-2.11.0.jar:/home/suraj/.m2/repository/com/github/java-json-tools/jackson-coreutils/2.0/jackson-coreutils-2.0.jar:/home/suraj/.m2/repository/com/github/java-json-tools/msg-simple/1.2/msg-simple-1.2.jar:/home/suraj/.m2/repository/com/github/java-json-tools/btf/1.3/btf-1.3.jar:/home/suraj/.m2/repository/com/github/java-json-tools/json-schema-core/1.2.14/json-schema-core-1.2.14.jar:/home/suraj/.m2/repository/com/github/java-json-tools/uri-template/0.10/uri-template-0.10.jar:/home/suraj/.m2/repository/org/mozilla/rhino/1.7.7.2/rhino-1.7.7.2.jar:/home/suraj/.m2/repository/com/sun/mail/mailapi/1.6.2/mailapi-1.6.2.jar:/home/suraj/.m2/repository/joda-time/joda-time/2.10.5/joda-time-2.10.5.jar:/home/suraj/.m2/repository/com/googlecode/libphonenumber/libphonenumber/8.11.1/libphonenumber-8.11.1.jar:/home/suraj/.m2/repository/com/google/code/findbugs/jsr305/3.0.2/jsr305-3.0.2.jar:/home/suraj/.m2/repository/net/sf/jopt-simple/jopt-simple/5.0.4/jopt-simple-5.0.4.jar:/home/suraj/.m2/repository/io/rest-assured/json-path/4.4.0/json-path-4.4.0.jar:/home/suraj/.m2/repository/org/codehaus/groovy/groovy-json/3.0.8/groovy-json-3.0.8.jar:/home/suraj/.m2/repository/io/rest-assured/rest-assured-common/4.4.0/rest-assured-common-4.4.0.jar:/home/suraj/.m2/repository/io/rest-assured/xml-path/4.4.0/xml-path-4.4.0.jar:/home/suraj/.m2/repository/org/apache/commons/commons-lang3/3.11/commons-lang3-3.11.jar:/home/suraj/.m2/repository/jakarta/xml/bind/jakarta.xml.bind-api/2.3.3/jakarta.xml.bind-api-2.3.3.jar:/home/suraj/.m2/repository/jakarta/activation/jakarta.activation-api/1.2.2/jakarta.activation-api-1.2.2.jar:/home/suraj/.m2/repository/com/sun/xml/bind/jaxb-impl/2.3.3/jaxb-impl-2.3.3.jar:/home/suraj/.m2/repository/org/testng/testng/7.4.0/testng-7.4.0.jar:/home/suraj/.m2/repository/com/beust/jcommander/1.78/jcommander-1.78.jar:/home/suraj/.m2/repository/org/webjars/jquery/3.5.1/jquery-3.5.1.jar:/home/suraj/.m2/repository/org/hamcrest/java-hamcrest/2.0.0.0/java-hamcrest-2.0.0.0.jar:/home/suraj/.m2/repository/org/hamcrest/hamcrest-core/2.2/hamcrest-core-2.2.jar:/home/suraj/.m2/repository/org/hamcrest/hamcrest-library/2.2/hamcrest-library-2.2.jar:/home/suraj/.m2/repository/org/apache/maven/plugins/maven-surefire-plugin/3.0.0-M5/maven-surefire-plugin-3.0.0-M5.jar:/home/suraj/.m2/repository/org/apache/maven/surefire/maven-surefire-common/3.0.0-M5/maven-surefire-common-3.0.0-M5.jar:/home/suraj/.m2/repository/org/apache/maven/surefire/surefire-api/3.0.0-M5/surefire-api-3.0.0-M5.jar:/home/suraj/.m2/repository/org/apache/maven/surefire/surefire-logger-api/3.0.0-M5/surefire-logger-api-3.0.0-M5.jar:/home/suraj/.m2/repository/org/apache/maven/surefire/surefire-extensions-api/3.0.0-M5/surefire-extensions-api-3.0.0-M5.jar:/home/suraj/.m2/repository/org/apache/maven/surefire/surefire-booter/3.0.0-M5/surefire-booter-3.0.0-M5.jar:/home/suraj/.m2/repository/org/apache/maven/surefire/surefire-extensions-spi/3.0.0-M5/surefire-extensions-spi-3.0.0-M5.jar:/home/suraj/.m2/repository/org/apache/maven/maven-toolchain/3.0-alpha-2/maven-toolchain-3.0-alpha-2.jar:/home/suraj/.m2/repository/org/apache/maven/shared/maven-artifact-transfer/0.11.0/maven-artifact-transfer-0.11.0.jar:/home/suraj/.m2/repository/org/apache/maven/shared/maven-common-artifact-filters/3.0.1/maven-common-artifact-filters-3.0.1.jar:/home/suraj/.m2/repository/org/apache/maven/surefire/surefire-shared-utils/3.0.0-M4/surefire-shared-utils-3.0.0-M4.jar:/home/suraj/.m2/repository/org/apache/maven/plugins/maven-compiler-plugin/3.8.1/maven-compiler-plugin-3.8.1.jar:/home/suraj/.m2/repository/org/apache/maven/maven-plugin-api/3.0/maven-plugin-api-3.0.jar:/home/suraj/.m2/repository/org/apache/maven/maven-model/3.0/maven-model-3.0.jar:/home/suraj/.m2/repository/org/sonatype/sisu/sisu-inject-plexus/1.4.2/sisu-inject-plexus-1.4.2.jar:/home/suraj/.m2/repository/org/sonatype/sisu/sisu-inject-bean/1.4.2/sisu-inject-bean-1.4.2.jar:/home/suraj/.m2/repository/org/sonatype/sisu/sisu-guice/2.1.7/sisu-guice-2.1.7-noaop.jar:/home/suraj/.m2/repository/org/apache/maven/maven-artifact/3.0/maven-artifact-3.0.jar:/home/suraj/.m2/repository/org/codehaus/plexus/plexus-utils/2.0.4/plexus-utils-2.0.4.jar:/home/suraj/.m2/repository/org/apache/maven/maven-core/3.0/maven-core-3.0.jar:/home/suraj/.m2/repository/org/apache/maven/maven-settings/3.0/maven-settings-3.0.jar:/home/suraj/.m2/repository/org/apache/maven/maven-settings-builder/3.0/maven-settings-builder-3.0.jar:/home/suraj/.m2/repository/org/apache/maven/maven-repository-metadata/3.0/maven-repository-metadata-3.0.jar:/home/suraj/.m2/repository/org/apache/maven/maven-model-builder/3.0/maven-model-builder-3.0.jar:/home/suraj/.m2/repository/org/apache/maven/maven-aether-provider/3.0/maven-aether-provider-3.0.jar:/home/suraj/.m2/repository/org/sonatype/aether/aether-impl/1.7/aether-impl-1.7.jar:/home/suraj/.m2/repository/org/sonatype/aether/aether-spi/1.7/aether-spi-1.7.jar:/home/suraj/.m2/repository/org/sonatype/aether/aether-api/1.7/aether-api-1.7.jar:/home/suraj/.m2/repository/org/sonatype/aether/aether-util/1.7/aether-util-1.7.jar:/home/suraj/.m2/repository/org/codehaus/plexus/plexus-interpolation/1.14/plexus-interpolation-1.14.jar:/home/suraj/.m2/repository/org/codehaus/plexus/plexus-classworlds/2.2.3/plexus-classworlds-2.2.3.jar:/home/suraj/.m2/repository/org/codehaus/plexus/plexus-component-annotations/1.5.5/plexus-component-annotations-1.5.5.jar:/home/suraj/.m2/repository/org/sonatype/plexus/plexus-sec-dispatcher/1.3/plexus-sec-dispatcher-1.3.jar:/home/suraj/.m2/repository/org/sonatype/plexus/plexus-cipher/1.4/plexus-cipher-1.4.jar:/home/suraj/.m2/repository/org/apache/maven/shared/maven-shared-utils/3.2.1/maven-shared-utils-3.2.1.jar:/home/suraj/.m2/repository/org/apache/maven/shared/maven-shared-incremental/1.1/maven-shared-incremental-1.1.jar:/home/suraj/.m2/repository/org/codehaus/plexus/plexus-java/0.9.10/plexus-java-0.9.10.jar:/home/suraj/.m2/repository/org/ow2/asm/asm/6.2/asm-6.2.jar:/home/suraj/.m2/repository/com/thoughtworks/qdox/qdox/2.0-M8/qdox-2.0-M8.jar:/home/suraj/.m2/repository/org/codehaus/plexus/plexus-compiler-api/2.8.4/plexus-compiler-api-2.8.4.jar:/home/suraj/.m2/repository/org/codehaus/plexus/plexus-compiler-manager/2.8.4/plexus-compiler-manager-2.8.4.jar:/home/suraj/.m2/repository/org/codehaus/plexus/plexus-compiler-javac/2.8.4/plexus-compiler-javac-2.8.4.jar:/home/suraj/.m2/repository/org/apache/poi/poi/5.1.0/poi-5.1.0.jar:/home/suraj/.m2/repository/commons-codec/commons-codec/1.15/commons-codec-1.15.jar:/home/suraj/.m2/repository/org/apache/commons/commons-collections4/4.4/commons-collections4-4.4.jar:/home/suraj/.m2/repository/org/apache/commons/commons-math3/3.6.1/commons-math3-3.6.1.jar:/home/suraj/.m2/repository/commons-io/commons-io/2.11.0/commons-io-2.11.0.jar:/home/suraj/.m2/repository/com/zaxxer/SparseBitSet/1.2/SparseBitSet-1.2.jar:/home/suraj/.m2/repository/org/apache/logging/log4j/log4j-api/2.14.1/log4j-api-2.14.1.jar:/home/suraj/.m2/repository/org/apache/poi/poi-ooxml/5.1.0/poi-ooxml-5.1.0.jar:/home/suraj/.m2/repository/org/apache/poi/poi-ooxml-lite/5.1.0/poi-ooxml-lite-5.1.0.jar:/home/suraj/.m2/repository/org/apache/xmlbeans/xmlbeans/5.0.2/xmlbeans-5.0.2.jar:/home/suraj/.m2/repository/xml-apis/xml-apis/1.4.01/xml-apis-1.4.01.jar:/home/suraj/.m2/repository/org/apache/commons/commons-compress/1.21/commons-compress-1.21.jar:/home/suraj/.m2/repository/com/github/virtuald/curvesapi/1.06/curvesapi-1.06.jar:/home/suraj/.m2/repository/org/apache/logging/log4j/log4j-to-slf4j/2.8.2/log4j-to-slf4j-2.8.2.jar:/home/suraj/.m2/repository/org/slf4j/slf4j-api/1.7.32/slf4j-api-1.7.32.jar:/home/suraj/.m2/repository/org/slf4j/slf4j-simple/1.7.32/slf4j-simple-1.7.32.jar:/home/suraj/.m2/repository/com/google/code/gson/gson/2.8.6/gson-2.8.6.jar:"/>
    <property name="java.vm.vendor" value="Private Build"/>
    <property name="sun.arch.data.model" value="64"/>
    <property name="java.vendor.url" value="http://java.oracle.com/"/>
    <property name="user.timezone" value="Asia/Kolkata"/>
    <property name="java.vm.specification.version" value="1.8"/>
    <property name="os.name" value="Linux"/>
    <property name="user.country" value="IN"/>
    <property name="sun.java.launcher" value="SUN_STANDARD"/>
    <property name="sun.boot.library.path" value="/usr/lib/jvm/java-8-openjdk-amd64/jre/lib/amd64"/>
    <property name="sun.java.command" value="/home/suraj/IdeaProjects/cipherApiAutomation/target/surefire/surefirebooter1033893548764762524.jar /home/suraj/IdeaProjects/cipherApiAutomation/target/surefire 2022-01-19T16-14-40_976-jvmRun1 surefire5616990034914072640tmp surefire_03469441270359459125tmp"/>
    <property name="surefire.test.class.path" value="/home/suraj/IdeaProjects/cipherApiAutomation/target/test-classes:/home/suraj/IdeaProjects/cipherApiAutomation/target/classes:/home/suraj/.m2/repository/io/rest-assured/rest-assured/4.4.0/rest-assured-4.4.0.jar:/home/suraj/.m2/repository/org/codehaus/groovy/groovy/3.0.8/groovy-3.0.8.jar:/home/suraj/.m2/repository/org/codehaus/groovy/groovy-xml/3.0.8/groovy-xml-3.0.8.jar:/home/suraj/.m2/repository/org/apache/httpcomponents/httpclient/4.5.13/httpclient-4.5.13.jar:/home/suraj/.m2/repository/org/apache/httpcomponents/httpcore/4.4.13/httpcore-4.4.13.jar:/home/suraj/.m2/repository/commons-logging/commons-logging/1.2/commons-logging-1.2.jar:/home/suraj/.m2/repository/org/apache/httpcomponents/httpmime/4.5.13/httpmime-4.5.13.jar:/home/suraj/.m2/repository/org/hamcrest/hamcrest/2.1/hamcrest-2.1.jar:/home/suraj/.m2/repository/org/ccil/cowan/tagsoup/tagsoup/1.2.1/tagsoup-1.2.1.jar:/home/suraj/.m2/repository/io/rest-assured/json-schema-validator/4.4.0/json-schema-validator-4.4.0.jar:/home/suraj/.m2/repository/com/github/java-json-tools/json-schema-validator/2.2.14/json-schema-validator-2.2.14.jar:/home/suraj/.m2/repository/com/google/guava/guava/28.2-android/guava-28.2-android.jar:/home/suraj/.m2/repository/com/google/guava/failureaccess/1.0.1/failureaccess-1.0.1.jar:/home/suraj/.m2/repository/com/google/guava/listenablefuture/9999.0-empty-to-avoid-conflict-with-guava/listenablefuture-9999.0-empty-to-avoid-conflict-with-guava.jar:/home/suraj/.m2/repository/org/checkerframework/checker-compat-qual/2.5.5/checker-compat-qual-2.5.5.jar:/home/suraj/.m2/repository/com/google/errorprone/error_prone_annotations/2.3.4/error_prone_annotations-2.3.4.jar:/home/suraj/.m2/repository/com/google/j2objc/j2objc-annotations/1.3/j2objc-annotations-1.3.jar:/home/suraj/.m2/repository/com/github/java-json-tools/jackson-coreutils-equivalence/1.0/jackson-coreutils-equivalence-1.0.jar:/home/suraj/.m2/repository/com/fasterxml/jackson/core/jackson-databind/2.11.0/jackson-databind-2.11.0.jar:/home/suraj/.m2/repository/com/fasterxml/jackson/core/jackson-annotations/2.11.0/jackson-annotations-2.11.0.jar:/home/suraj/.m2/repository/com/fasterxml/jackson/core/jackson-core/2.11.0/jackson-core-2.11.0.jar:/home/suraj/.m2/repository/com/github/java-json-tools/jackson-coreutils/2.0/jackson-coreutils-2.0.jar:/home/suraj/.m2/repository/com/github/java-json-tools/msg-simple/1.2/msg-simple-1.2.jar:/home/suraj/.m2/repository/com/github/java-json-tools/btf/1.3/btf-1.3.jar:/home/suraj/.m2/repository/com/github/java-json-tools/json-schema-core/1.2.14/json-schema-core-1.2.14.jar:/home/suraj/.m2/repository/com/github/java-json-tools/uri-template/0.10/uri-template-0.10.jar:/home/suraj/.m2/repository/org/mozilla/rhino/1.7.7.2/rhino-1.7.7.2.jar:/home/suraj/.m2/repository/com/sun/mail/mailapi/1.6.2/mailapi-1.6.2.jar:/home/suraj/.m2/repository/joda-time/joda-time/2.10.5/joda-time-2.10.5.jar:/home/suraj/.m2/repository/com/googlecode/libphonenumber/libphonenumber/8.11.1/libphonenumber-8.11.1.jar:/home/suraj/.m2/repository/com/google/code/findbugs/jsr305/3.0.2/jsr305-3.0.2.jar:/home/suraj/.m2/repository/net/sf/jopt-simple/jopt-simple/5.0.4/jopt-simple-5.0.4.jar:/home/suraj/.m2/repository/io/rest-assured/json-path/4.4.0/json-path-4.4.0.jar:/home/suraj/.m2/repository/org/codehaus/groovy/groovy-json/3.0.8/groovy-json-3.0.8.jar:/home/suraj/.m2/repository/io/rest-assured/rest-assured-common/4.4.0/rest-assured-common-4.4.0.jar:/home/suraj/.m2/repository/io/rest-assured/xml-path/4.4.0/xml-path-4.4.0.jar:/home/suraj/.m2/repository/org/apache/commons/commons-lang3/3.11/commons-lang3-3.11.jar:/home/suraj/.m2/repository/jakarta/xml/bind/jakarta.xml.bind-api/2.3.3/jakarta.xml.bind-api-2.3.3.jar:/home/suraj/.m2/repository/jakarta/activation/jakarta.activation-api/1.2.2/jakarta.activation-api-1.2.2.jar:/home/suraj/.m2/repository/com/sun/xml/bind/jaxb-impl/2.3.3/jaxb-impl-2.3.3.jar:/home/suraj/.m2/repository/org/testng/testng/7.4.0/testng-7.4.0.jar:/home/suraj/.m2/repository/com/beust/jcommander/1.78/jcommander-1.78.jar:/home/suraj/.m2/repository/org/webjars/jquery/3.5.1/jquery-3.5.1.jar:/home/suraj/.m2/repository/org/hamcrest/java-hamcrest/2.0.0.0/java-hamcrest-2.0.0.0.jar:/home/suraj/.m2/repository/org/hamcrest/hamcrest-core/2.2/hamcrest-core-2.2.jar:/home/suraj/.m2/repository/org/hamcrest/hamcrest-library/2.2/hamcrest-library-2.2.jar:/home/suraj/.m2/repository/org/apache/maven/plugins/maven-surefire-plugin/3.0.0-M5/maven-surefire-plugin-3.0.0-M5.jar:/home/suraj/.m2/repository/org/apache/maven/surefire/maven-surefire-common/3.0.0-M5/maven-surefire-common-3.0.0-M5.jar:/home/suraj/.m2/repository/org/apache/maven/surefire/surefire-api/3.0.0-M5/surefire-api-3.0.0-M5.jar:/home/suraj/.m2/repository/org/apache/maven/surefire/surefire-logger-api/3.0.0-M5/surefire-logger-api-3.0.0-M5.jar:/home/suraj/.m2/repository/org/apache/maven/surefire/surefire-extensions-api/3.0.0-M5/surefire-extensions-api-3.0.0-M5.jar:/home/suraj/.m2/repository/org/apache/maven/surefire/surefire-booter/3.0.0-M5/surefire-booter-3.0.0-M5.jar:/home/suraj/.m2/repository/org/apache/maven/surefire/surefire-extensions-spi/3.0.0-M5/surefire-extensions-spi-3.0.0-M5.jar:/home/suraj/.m2/repository/org/apache/maven/maven-toolchain/3.0-alpha-2/maven-toolchain-3.0-alpha-2.jar:/home/suraj/.m2/repository/org/apache/maven/shared/maven-artifact-transfer/0.11.0/maven-artifact-transfer-0.11.0.jar:/home/suraj/.m2/repository/org/apache/maven/shared/maven-common-artifact-filters/3.0.1/maven-common-artifact-filters-3.0.1.jar:/home/suraj/.m2/repository/org/apache/maven/surefire/surefire-shared-utils/3.0.0-M4/surefire-shared-utils-3.0.0-M4.jar:/home/suraj/.m2/repository/org/apache/maven/plugins/maven-compiler-plugin/3.8.1/maven-compiler-plugin-3.8.1.jar:/home/suraj/.m2/repository/org/apache/maven/maven-plugin-api/3.0/maven-plugin-api-3.0.jar:/home/suraj/.m2/repository/org/apache/maven/maven-model/3.0/maven-model-3.0.jar:/home/suraj/.m2/repository/org/sonatype/sisu/sisu-inject-plexus/1.4.2/sisu-inject-plexus-1.4.2.jar:/home/suraj/.m2/repository/org/sonatype/sisu/sisu-inject-bean/1.4.2/sisu-inject-bean-1.4.2.jar:/home/suraj/.m2/repository/org/sonatype/sisu/sisu-guice/2.1.7/sisu-guice-2.1.7-noaop.jar:/home/suraj/.m2/repository/org/apache/maven/maven-artifact/3.0/maven-artifact-3.0.jar:/home/suraj/.m2/repository/org/codehaus/plexus/plexus-utils/2.0.4/plexus-utils-2.0.4.jar:/home/suraj/.m2/repository/org/apache/maven/maven-core/3.0/maven-core-3.0.jar:/home/suraj/.m2/repository/org/apache/maven/maven-settings/3.0/maven-settings-3.0.jar:/home/suraj/.m2/repository/org/apache/maven/maven-settings-builder/3.0/maven-settings-builder-3.0.jar:/home/suraj/.m2/repository/org/apache/maven/maven-repository-metadata/3.0/maven-repository-metadata-3.0.jar:/home/suraj/.m2/repository/org/apache/maven/maven-model-builder/3.0/maven-model-builder-3.0.jar:/home/suraj/.m2/repository/org/apache/maven/maven-aether-provider/3.0/maven-aether-provider-3.0.jar:/home/suraj/.m2/repository/org/sonatype/aether/aether-impl/1.7/aether-impl-1.7.jar:/home/suraj/.m2/repository/org/sonatype/aether/aether-spi/1.7/aether-spi-1.7.jar:/home/suraj/.m2/repository/org/sonatype/aether/aether-api/1.7/aether-api-1.7.jar:/home/suraj/.m2/repository/org/sonatype/aether/aether-util/1.7/aether-util-1.7.jar:/home/suraj/.m2/repository/org/codehaus/plexus/plexus-interpolation/1.14/plexus-interpolation-1.14.jar:/home/suraj/.m2/repository/org/codehaus/plexus/plexus-classworlds/2.2.3/plexus-classworlds-2.2.3.jar:/home/suraj/.m2/repository/org/codehaus/plexus/plexus-component-annotations/1.5.5/plexus-component-annotations-1.5.5.jar:/home/suraj/.m2/repository/org/sonatype/plexus/plexus-sec-dispatcher/1.3/plexus-sec-dispatcher-1.3.jar:/home/suraj/.m2/repository/org/sonatype/plexus/plexus-cipher/1.4/plexus-cipher-1.4.jar:/home/suraj/.m2/repository/org/apache/maven/shared/maven-shared-utils/3.2.1/maven-shared-utils-3.2.1.jar:/home/suraj/.m2/repository/org/apache/maven/shared/maven-shared-incremental/1.1/maven-shared-incremental-1.1.jar:/home/suraj/.m2/repository/org/codehaus/plexus/plexus-java/0.9.10/plexus-java-0.9.10.jar:/home/suraj/.m2/repository/org/ow2/asm/asm/6.2/asm-6.2.jar:/home/suraj/.m2/repository/com/thoughtworks/qdox/qdox/2.0-M8/qdox-2.0-M8.jar:/home/suraj/.m2/repository/org/codehaus/plexus/plexus-compiler-api/2.8.4/plexus-compiler-api-2.8.4.jar:/home/suraj/.m2/repository/org/codehaus/plexus/plexus-compiler-manager/2.8.4/plexus-compiler-manager-2.8.4.jar:/home/suraj/.m2/repository/org/codehaus/plexus/plexus-compiler-javac/2.8.4/plexus-compiler-javac-2.8.4.jar:/home/suraj/.m2/repository/org/apache/poi/poi/5.1.0/poi-5.1.0.jar:/home/suraj/.m2/repository/commons-codec/commons-codec/1.15/commons-codec-1.15.jar:/home/suraj/.m2/repository/org/apache/commons/commons-collections4/4.4/commons-collections4-4.4.jar:/home/suraj/.m2/repository/org/apache/commons/commons-math3/3.6.1/commons-math3-3.6.1.jar:/home/suraj/.m2/repository/commons-io/commons-io/2.11.0/commons-io-2.11.0.jar:/home/suraj/.m2/repository/com/zaxxer/SparseBitSet/1.2/SparseBitSet-1.2.jar:/home/suraj/.m2/repository/org/apache/logging/log4j/log4j-api/2.14.1/log4j-api-2.14.1.jar:/home/suraj/.m2/repository/org/apache/poi/poi-ooxml/5.1.0/poi-ooxml-5.1.0.jar:/home/suraj/.m2/repository/org/apache/poi/poi-ooxml-lite/5.1.0/poi-ooxml-lite-5.1.0.jar:/home/suraj/.m2/repository/org/apache/xmlbeans/xmlbeans/5.0.2/xmlbeans-5.0.2.jar:/home/suraj/.m2/repository/xml-apis/xml-apis/1.4.01/xml-apis-1.4.01.jar:/home/suraj/.m2/repository/org/apache/commons/commons-compress/1.21/commons-compress-1.21.jar:/home/suraj/.m2/repository/com/github/virtuald/curvesapi/1.06/curvesapi-1.06.jar:/home/suraj/.m2/repository/org/apache/logging/log4j/log4j-to-slf4j/2.8.2/log4j-to-slf4j-2.8.2.jar:/home/suraj/.m2/repository/org/slf4j/slf4j-api/1.7.32/slf4j-api-1.7.32.jar:/home/suraj/.m2/repository/org/slf4j/slf4j-simple/1.7.32/slf4j-simple-1.7.32.jar:/home/suraj/.m2/repository/com/google/code/gson/gson/2.8.6/gson-2.8.6.jar:"/>
    <property name="sun.cpu.endian" value="little"/>
    <property name="user.home" value="/home/suraj"/>
    <property name="user.language" value="en"/>
    <property name="java.specification.vendor" value="Oracle Corporation"/>
    <property name="java.home" value="/usr/lib/jvm/java-8-openjdk-amd64/jre"/>
    <property name="basedir" value="/home/suraj/IdeaProjects/cipherApiAutomation"/>
    <property name="file.separator" value="/"/>
    <property name="line.separator" value="&#10;"/>
    <property name="java.vm.specification.vendor" value="Oracle Corporation"/>
    <property name="java.specification.name" value="Java Platform API Specification"/>
    <property name="java.awt.graphicsenv" value="sun.awt.X11GraphicsEnvironment"/>
    <property name="surefire.real.class.path" value="/home/suraj/IdeaProjects/cipherApiAutomation/target/surefire/surefirebooter1033893548764762524.jar"/>
    <property name="sun.boot.class.path" value="/usr/lib/jvm/java-8-openjdk-amd64/jre/lib/resources.jar:/usr/lib/jvm/java-8-openjdk-amd64/jre/lib/rt.jar:/usr/lib/jvm/java-8-openjdk-amd64/jre/lib/sunrsasign.jar:/usr/lib/jvm/java-8-openjdk-amd64/jre/lib/jsse.jar:/usr/lib/jvm/java-8-openjdk-amd64/jre/lib/jce.jar:/usr/lib/jvm/java-8-openjdk-amd64/jre/lib/charsets.jar:/usr/lib/jvm/java-8-openjdk-amd64/jre/lib/jfr.jar:/usr/lib/jvm/java-8-openjdk-amd64/jre/classes"/>
    <property name="sun.management.compiler" value="HotSpot 64-Bit Tiered Compilers"/>
    <property name="java.runtime.version" value="1.8.0_312-8u312-b07-0ubuntu1~20.04-b07"/>
    <property name="user.name" value="suraj"/>
    <property name="path.separator" value=":"/>
    <property name="os.version" value="5.11.0-44-generic"/>
    <property name="java.endorsed.dirs" value="/usr/lib/jvm/java-8-openjdk-amd64/jre/lib/endorsed"/>
    <property name="java.runtime.name" value="OpenJDK Runtime Environment"/>
    <property name="file.encoding" value="UTF-8"/>
    <property name="java.vm.name" value="OpenJDK 64-Bit Server VM"/>
    <property name="localRepository" value="/home/suraj/.m2/repository"/>
    <property name="java.vendor.url.bug" value="http://bugreport.sun.com/bugreport/"/>
    <property name="java.io.tmpdir" value="/tmp"/>
    <property name="java.version" value="1.8.0_312"/>
    <property name="user.dir" value="/home/suraj/IdeaProjects/cipherApiAutomation"/>
    <property name="os.arch" value="amd64"/>
    <property name="java.vm.specification.name" value="Java Virtual Machine Specification"/>
    <property name="java.awt.printerjob" value="sun.print.PSPrinterJob"/>
    <property name="sun.os.patch.level" value="unknown"/>
    <property name="java.library.path" value="/usr/java/packages/lib/amd64:/usr/lib/x86_64-linux-gnu/jni:/lib/x86_64-linux-gnu:/usr/lib/x86_64-linux-gnu:/usr/lib/jni:/lib:/usr/lib"/>
    <property name="java.vm.info" value="mixed mode"/>
    <property name="java.vendor" value="Private Build"/>
    <property name="java.vm.version" value="25.312-b07"/>
    <property name="java.ext.dirs" value="/usr/lib/jvm/java-8-openjdk-amd64/jre/lib/ext:/usr/java/packages/lib/ext"/>
    <property name="sun.io.unicode.encoding" value="UnicodeLittle"/>
    <property name="java.class.version" value="52.0"/>
  </properties>
  <testcase name="registrationWithValidToken" classname="cipherApi.cipherRegistration.userRegistration" time="1.532">
    <failure message="Connection refused (Connection refused)" type="java.net.ConnectException"><![CDATA[java.net.ConnectException: Connection refused (Connection refused)
	at cipherApi.cipherRegistration.userRegistration.registrationWithValidToken(userRegistration.java:35)
]]></failure>
    <system-out><![CDATA[T21URmc3bfP1NP9/fwob734mGx604DvippfE06v6OCSWnYBAMc2CfCrqe1sSX2ShuCF5Jt8mJo0i7b9PuKw1ZVQI3qxHBhsL/zuYObclVkNljvMK3I/PFhX5gSZIK0Aa0sDkx0LYoPkiVfUFyUAy13K+H/S84VLY0tsrygKX0J98tp90l607xSPqbK10Jv4A3gTnm3J605LuPG/Gc9y0LqR0Y4mxfNWvIp5ON/6DZILGHv6SqmdrYma6PK6I+ls6ZAYewpEmN81wgw/Kp4Jm4oOBNskOWR6dy9A8YmHaX33wZqdNZnv3KGaiPfhFMceRgucmULsx+9kW0sKo8MpSrQ==
]]></system-out>
  </testcase>
  <testcase name="registrationWithInvalidToken" classname="cipherApi.cipherRegistration.userRegistration" time="0.061">
    <failure message="Connection refused (Connection refused)" type="java.net.ConnectException"><![CDATA[java.net.ConnectException: Connection refused (Connection refused)
	at cipherApi.cipherRegistration.userRegistration.registrationWithInvalidToken(userRegistration.java:60)
]]></failure>
    <system-out><![CDATA[Vqu/wqfHBXhSgRN4i3JVyX4mGx604DvippfE06v6OCSWnYBAMc2CfCrqe1sSX2ShuCF5Jt8mJo0i7b9PuKw1ZVQI3qxHBhsL/zuYObclVkNljvMK3I/PFhX5gSZIK0Aa0sDkx0LYoPkiVfUFyUAy13K+H/S84VLY0tsrygKX0J98tp90l607xSPqbK10Jv4A3gTnm3J605LuPG/Gc9y0LqR0Y4mxfNWvIp5ON/6DZILGHv6SqmdrYma6PK6I+ls6ZAYewpEmN81wgw/Kp4Jm4oOBNskOWR6dy9A8YmHaX33wZqdNZnv3KGaiPfhFMceRgucmULsx+9kW0sKo8MpSrQ==
]]></system-out>
  </testcase>
  <testcase name="loginWithValidToken" classname="cipherApi.cipherLogin.userLogin" time="0.15">
    <failure message="Connection refused (Connection refused)" type="java.net.ConnectException"><![CDATA[java.net.ConnectException: Connection refused (Connection refused)
	at cipherApi.cipherLogin.userLogin.loginWithValidToken(userLogin.java:36)
]]></failure>
    <system-out><![CDATA[T21URmc3bfP1NP9/fwob734mGx604DvippfE06v6OCSWnYBAMc2CfCrqe1sSX2ShuCF5Jt8mJo0i7b9PuKw1ZVQI3qxHBhsL/zuYObclVkNljvMK3I/PFhX5gSZIK0Aa0sDkx0LYoPkiVfUFyUAy13K+H/S84VLY0tsrygKX0J98tp90l607xSPqbK10Jv4A3gTnm3J605LuPG/Gc9y0LqR0Y4mxfNWvIp5ON/6DZILGHv6SqmdrYma6PK6I+ls6ZAYewpEmN81wgw/Kp4Jm4oOBNskOWR6dy9A8YmHaX33wZqdNZnv3KGaiPfhFMceRgucmULsx+9kW0sKo8MpSrQ==
]]></system-out>
    <system-err><![CDATA[Cleaning up unclosed ZipFile for archive /home/suraj/IdeaProjects/cipherApiAutomation/data/cipherTestData.xlsx
]]></system-err>
  </testcase>
  <testcase name="loginWithInvalidToken" classname="cipherApi.cipherLogin.userLogin" time="0.038">
    <failure message="Connection refused (Connection refused)" type="java.net.ConnectException"><![CDATA[java.net.ConnectException: Connection refused (Connection refused)
	at cipherApi.cipherLogin.userLogin.loginWithInvalidToken(userLogin.java:65)
]]></failure>
    <system-out><![CDATA[Vqu/wqfHBXhSgRN4i3JVyX4mGx604DvippfE06v6OCSWnYBAMc2CfCrqe1sSX2ShuCF5Jt8mJo0i7b9PuKw1ZVQI3qxHBhsL/zuYObclVkNljvMK3I/PFhX5gSZIK0Aa0sDkx0LYoPkiVfUFyUAy13K+H/S84VLY0tsrygKX0J98tp90l607xSPqbK10Jv4A3gTnm3J605LuPG/Gc9y0LqR0Y4mxfNWvIp5ON/6DZILGHv6SqmdrYma6PK6I+ls6ZAYewpEmN81wgw/Kp4Jm4oOBNskOWR6dy9A8YmHaX33wZqdNZnv3KGaiPfhFMceRgucmULsx+9kW0sKo8MpSrQ==
]]></system-out>
  </testcase>
</testsuite>