<?xml version="1.0" encoding="UTF-8"?>
<!-- Generated by org.testng.reporters.JUnitReportReporter -->
<testsuite skipped="0" hostname="suraj-Lenovo-ideapad-330S-15IKB" name="restAssuredTest.getRequest" tests="1" failures="0" timestamp="2021-12-10T14:45:56 IST" time="0.692" errors="0">
  <testcase name="getUserDetails" time="0.692" classname="restAssuredTest.getRequest"/>
  <system-out/>
</testsuite> <!-- restAssuredTest.getRequest -->
