<?xml version="1.0" encoding="UTF-8"?>
<!-- Generated by org.testng.reporters.JUnitReportReporter -->
<testsuite skipped="0" hostname="suraj-Lenovo-ideapad-330S-15IKB" name="cipherApi.userLogin" tests="12" failures="0" timestamp="2022-02-17T15:50:14 IST" time="3.671" errors="0">
  <testcase name="loginWithValidToken" time="1.186" classname="cipherApi.userLogin"/>
  <system-out/>
  <testcase name="loginWithInvalidToken" time="0.288" classname="cipherApi.userLogin"/>
  <system-out/>
  <testcase name="loginWithMultipleDataSet" time="0.190" classname="cipherApi.userLogin"/>
  <system-out/>
  <testcase name="loginWithMultipleDataSet" time="0.198" classname="cipherApi.userLogin"/>
  <system-out/>
  <testcase name="loginWithMultipleDataSet" time="0.166" classname="cipherApi.userLogin"/>
  <system-out/>
  <testcase name="loginWithMultipleDataSet" time="0.181" classname="cipherApi.userLogin"/>
  <system-out/>
  <testcase name="loginWithMultipleDataSet" time="0.179" classname="cipherApi.userLogin"/>
  <system-out/>
  <testcase name="loginWithMultipleDataSet" time="0.196" classname="cipherApi.userLogin"/>
  <system-out/>
  <testcase name="loginWithMultipleDataSet" time="0.398" classname="cipherApi.userLogin"/>
  <system-out/>
  <testcase name="loginWithMultipleDataSet" time="0.303" classname="cipherApi.userLogin"/>
  <system-out/>
  <testcase name="loginWithMultipleDataSet" time="0.194" classname="cipherApi.userLogin"/>
  <system-out/>
  <testcase name="loginWithMultipleDataSet" time="0.192" classname="cipherApi.userLogin"/>
  <system-out/>
</testsuite> <!-- cipherApi.userLogin -->
