<?xml version="1.0" encoding="UTF-8"?>
<!-- Generated by org.testng.reporters.JUnitReportReporter -->
<testsuite skipped="0" hostname="suraj-Lenovo-ideapad-330S-15IKB" name="restAssuredTest.putRequest" tests="1" failures="0" timestamp="2021-12-10T14:45:56 IST" time="1.432" errors="0">
  <testcase name="testPut" time="1.432" classname="restAssuredTest.putRequest"/>
  <system-out/>
</testsuite> <!-- restAssuredTest.putRequest -->
