<?xml version="1.0" encoding="UTF-8"?>
<!-- Generated by org.testng.reporters.JUnitReportReporter -->
<testsuite skipped="0" hostname="suraj-Lenovo-ideapad-330S-15IKB" name="userRegistration" tests="2" failures="0" timestamp="2022-01-14T14:08:40 IST" time="2.415" errors="0">
  <testcase name="registration" time="1.523" classname="userRegistration"/>
  <system-out/>
  <testcase name="login" time="0.892" classname="userRegistration"/>
  <system-out/>
</testsuite> <!-- userRegistration -->
