<?xml version="1.0" encoding="UTF-8"?>
<!-- Generated by org.testng.reporters.JUnitReportReporter -->
<testsuite skipped="0" hostname="suraj-Lenovo-ideapad-330S-15IKB" name="cipherApi.cipherLogin.userLogin" tests="2" failures="0" timestamp="2022-01-14T22:51:01 IST" time="0.540" errors="0">
  <testcase name="loginWithValidToken" time="0.370" classname="cipherApi.cipherLogin.userLogin"/>
  <system-out/>
  <testcase name="loginWithInvalidToken" time="0.170" classname="cipherApi.cipherLogin.userLogin"/>
  <system-out/>
</testsuite> <!-- cipherApi.cipherLogin.userLogin -->
