<?xml version="1.0" encoding="UTF-8"?>
<!-- Generated by org.testng.reporters.JUnitReportReporter -->
<testsuite skipped="0" hostname="suraj-Lenovo-ideapad-330S-15IKB" name="restAssuredTest.basicValidations" tests="5" failures="0" timestamp="2021-12-10T14:45:56 IST" time="7.871" errors="0">
  <testcase name="testStatusCode" time="2.137" classname="restAssuredTest.basicValidations"/>
  <system-out/>
  <testcase name="testLogging" time="1.065" classname="restAssuredTest.basicValidations"/>
  <system-out/>
  <testcase name="testSingleContent" time="0.868" classname="restAssuredTest.basicValidations"/>
  <system-out/>
  <testcase name="testMultipleContent" time="2.191" classname="restAssuredTest.basicValidations"/>
  <system-out/>
  <testcase name="testParametersAndHeaders" time="1.610" classname="restAssuredTest.basicValidations"/>
  <system-out/>
</testsuite> <!-- restAssuredTest.basicValidations -->
