<?xml version="1.0" encoding="UTF-8"?>
<!-- Generated by org.testng.reporters.JUnitReportReporter -->
<testsuite skipped="0" hostname="suraj-Lenovo-ideapad-330S-15IKB" name="restAssuredTest.basicValidationXml" tests="5" failures="0" timestamp="2021-12-10T14:45:56 IST" time="8.765" errors="0">
  <testcase name="testSingeContent" time="5.888" classname="restAssuredTest.basicValidationXml"/>
  <system-out/>
  <testcase name="testMultipContent" time="0.779" classname="restAssuredTest.basicValidationXml"/>
  <system-out/>
  <testcase name="testMultipContentInOneGo" time="0.482" classname="restAssuredTest.basicValidationXml"/>
  <system-out/>
  <testcase name="testFindingValuesUsingXmlPath" time="0.925" classname="restAssuredTest.basicValidationXml"/>
  <system-out/>
  <testcase name="testFindingValuesUsingXmlPath2" time="0.691" classname="restAssuredTest.basicValidationXml"/>
  <system-out/>
</testsuite> <!-- restAssuredTest.basicValidationXml -->
