<?xml version="1.0" encoding="UTF-8"?>
<!-- Generated by org.testng.reporters.JUnitReportReporter -->
<testsuite skipped="0" hostname="suraj-Lenovo-ideapad-330S-15IKB" name="cipherApi.stepUpApi" tests="11" failures="0" timestamp="2022-02-04T17:10:00 IST" time="5.564" errors="0">
  <testcase name="stepUpValidToken" time="0.358" classname="cipherApi.stepUpApi"/>
  <system-out/>
  <testcase name="stepUpWithMultipleDataSet" time="0.240" classname="cipherApi.stepUpApi"/>
  <system-out/>
  <testcase name="stepUpWithMultipleDataSet" time="0.613" classname="cipherApi.stepUpApi"/>
  <system-out/>
  <testcase name="stepUpWithMultipleDataSet" time="0.267" classname="cipherApi.stepUpApi"/>
  <system-out/>
  <testcase name="stepUpWithMultipleDataSet" time="0.919" classname="cipherApi.stepUpApi"/>
  <system-out/>
  <testcase name="stepUpWithMultipleDataSet" time="1.281" classname="cipherApi.stepUpApi"/>
  <system-out/>
  <testcase name="stepUpWithMultipleDataSet" time="0.235" classname="cipherApi.stepUpApi"/>
  <system-out/>
  <testcase name="stepUpWithMultipleDataSet" time="0.574" classname="cipherApi.stepUpApi"/>
  <system-out/>
  <testcase name="stepUpWithMultipleDataSet" time="0.580" classname="cipherApi.stepUpApi"/>
  <system-out/>
  <testcase name="stepUpWithMultipleDataSet" time="0.261" classname="cipherApi.stepUpApi"/>
  <system-out/>
  <testcase name="stepUpWithMultipleDataSet" time="0.236" classname="cipherApi.stepUpApi"/>
  <system-out/>
</testsuite> <!-- cipherApi.stepUpApi -->
