<?xml version="1.0" encoding="UTF-8"?>
<!-- Generated by org.testng.reporters.JUnitReportReporter -->
<testsuite skipped="0" hostname="suraj-Lenovo-ideapad-330S-15IKB" name="cipherApi.updateAuthCriteria" tests="3" failures="0" timestamp="2022-02-17T15:50:14 IST" time="0.463" errors="0">
  <testcase name="updateAuthCriteriaWithMultipleDataSet" time="0.145" classname="cipherApi.updateAuthCriteria"/>
  <system-out/>
  <testcase name="updateAuthCriteriaWithMultipleDataSet" time="0.160" classname="cipherApi.updateAuthCriteria"/>
  <system-out/>
  <testcase name="updateAuthCriteriaWithMultipleDataSet" time="0.158" classname="cipherApi.updateAuthCriteria"/>
  <system-out/>
</testsuite> <!-- cipherApi.updateAuthCriteria -->
