<?xml version="1.0" encoding="UTF-8"?>
<!-- Generated by org.testng.reporters.JUnitReportReporter -->
<testsuite skipped="0" hostname="suraj-Lenovo-ideapad-330S-15IKB" name="cipherApi.cipherLogin.userLogin" tests="2" failures="0" timestamp="2022-01-21T09:59:22 IST" time="4.788" errors="0">
  <testcase name="loginWithValidToken" time="4.461" classname="cipherApi.cipherLogin.userLogin"/>
  <system-out/>
  <testcase name="loginWithInvalidToken" time="0.327" classname="cipherApi.cipherLogin.userLogin"/>
  <system-out/>
</testsuite> <!-- cipherApi.cipherLogin.userLogin -->
