<?xml version="1.0" encoding="UTF-8"?>
<!-- Generated by org.testng.reporters.JUnitReportReporter -->
<testsuite skipped="0" hostname="suraj-Lenovo-ideapad-330S-15IKB" name="cipherApi.cipherRegistration.userRegistration" tests="2" failures="0" timestamp="2022-01-14T22:51:01 IST" time="2.472" errors="0">
  <testcase name="registrationWithValidToken" time="1.769" classname="cipherApi.cipherRegistration.userRegistration"/>
  <system-out/>
  <testcase name="registrationWithInvalidToken" time="0.703" classname="cipherApi.cipherRegistration.userRegistration"/>
  <system-out/>
</testsuite> <!-- cipherApi.cipherRegistration.userRegistration -->
