<?xml version="1.0" encoding="UTF-8"?>
<!-- Generated by org.testng.reporters.JUnitReportReporter -->
<testsuite skipped="0" hostname="suraj-Lenovo-ideapad-330S-15IKB" name="restAssuredTest.basicValidationXml" tests="5" failures="0" timestamp="2021-12-13T22:43:18 IST" time="5.990" errors="0">
  <testcase name="testSingeContent" time="2.676" classname="restAssuredTest.basicValidationXml"/>
  <system-out/>
  <testcase name="testMultipContent" time="0.892" classname="restAssuredTest.basicValidationXml"/>
  <system-out/>
  <testcase name="testMultipContentInOneGo" time="0.787" classname="restAssuredTest.basicValidationXml"/>
  <system-out/>
  <testcase name="testFindingValuesUsingXmlPath" time="0.855" classname="restAssuredTest.basicValidationXml"/>
  <system-out/>
  <testcase name="testFindingValuesUsingXmlPath2" time="0.780" classname="restAssuredTest.basicValidationXml"/>
  <system-out/>
</testsuite> <!-- restAssuredTest.basicValidationXml -->
